<?xml version="1.0" encoding="UTF-8"?>
<!-- Generated by org.testng.reporters.JUnitXMLReporter -->
<testsuite ignored="0" hostname="DESKTOP-93SV0QM" failures="1" tests="1" name="Surefire test" time="13.354" errors="0" timestamp="2022-03-25T14:34:08 IST">
  <testcase classname="com.test.course.TestCourseDetails" name="validateCourseDetails" time="12.318">
    <failure type="java.lang.IndexOutOfBoundsException" message="Index 0 out of bounds for length 0">
      <![CDATA[java.lang.IndexOutOfBoundsException: Index 0 out of bounds for length 0
at java.base/jdk.internal.util.Preconditions.outOfBounds(Preconditions.java:64)
at java.base/jdk.internal.util.Preconditions.outOfBoundsCheckIndex(Preconditions.java:70)
at java.base/jdk.internal.util.Preconditions.checkIndex(Preconditions.java:266)
at java.base/java.util.Objects.checkIndex(Objects.java:359)
at java.base/java.util.ArrayList.get(ArrayList.java:427)
at com.test.course.TestCourseDetails.faq(TestCourseDetails.java:102)
at com.test.course.TestCourseDetails.validateCourseDetails(TestCourseDetails.java:79)
at java.base/java.util.ArrayList.forEach(ArrayList.java:1511)
... Removed 32 stack frames]]>
    </failure>
  </testcase> <!-- validateCourseDetails -->
</testsuite> <!-- Surefire test -->
