<?xml version="1.0" encoding="UTF-8"?>
<testng-results ignored="0" total="1" passed="1" failed="0" skipped="0">
  <reporter-output>
  </reporter-output>
  <suite started-at="2023-03-20T12:17:49 IST" name="Testing Google Apps" finished-at="2023-03-20T12:19:38 IST" duration-ms="108355">
    <groups>
    </groups>
    <test started-at="2023-03-20T12:17:49 IST" name="Regression" finished-at="2023-03-20T12:19:38 IST" duration-ms="108355">
      <class name="com.seo.regression.testing.RegressionTesting">
        <test-method is-config="true" signature="setup(java.lang.String)[pri:0, instance:com.seo.regression.testing.RegressionTesting@128d2484]" started-at="2023-03-20T12:17:49 IST" name="setup" finished-at="2023-03-20T12:18:08 IST" duration-ms="19176" status="PASS">
          <params>
            <param index="0">
              <value>
                <![CDATA[firefox]]>
              </value>
            </param>
          </params>
          <reporter-output>
          </reporter-output>
        </test-method> <!-- setup -->
        <test-method signature="startTest()[pri:1, instance:com.seo.regression.testing.RegressionTesting@128d2484]" started-at="2023-03-20T12:18:08 IST" name="startTest" finished-at="2023-03-20T12:19:38 IST" duration-ms="89114" status="PASS">
          <reporter-output>
          </reporter-output>
        </test-method> <!-- startTest -->
        <test-method is-config="true" signature="afterMethod(org.testng.ITestResult)[pri:0, instance:com.seo.regression.testing.RegressionTesting@128d2484]" started-at="2023-03-20T12:19:38 IST" name="afterMethod" finished-at="2023-03-20T12:19:38 IST" duration-ms="3" status="PASS">
          <params>
            <param index="0">
              <value>
                <![CDATA[[TestResult name=startTest status=SUCCESS method=RegressionTesting.startTest()[pri:1, instance:com.seo.regression.testing.RegressionTesting@128d2484] output={null}]]]>
              </value>
            </param>
          </params>
          <reporter-output>
          </reporter-output>
        </test-method> <!-- afterMethod -->
      </class> <!-- com.seo.regression.testing.RegressionTesting -->
    </test> <!-- Regression -->
  </suite> <!-- Testing Google Apps -->
</testng-results>
