<?xml version="1.0" encoding="UTF-8"?>
<testng-results ignored="0" total="0" passed="0" failed="0" skipped="0">
  <reporter-output>
  </reporter-output>
  <suite started-at="2022-12-29T11:55:57 IST" name="Testing Google Apps" finished-at="2022-12-29T11:55:57 IST" duration-ms="11">
    <groups>
    </groups>
    <test started-at="2022-12-29T11:55:57 IST" name="Regression" finished-at="2022-12-29T11:55:57 IST" duration-ms="11">
    </test> <!-- Regression -->
  </suite> <!-- Testing Google Apps -->
</testng-results>
